Running CPAchecker with Java heap of size 32768M.
Running CPAchecker with default stack size (1024k). Specify a larger value with -stack if needed.
refinement: 1
========================== Verify Result ===========================
explored states: 474
reached set size: 475
total time: 261 ms
Race times:
 
=========================== Conflicts checked =============================
The total number of conflicts is 4
RWR conflicts have 2
WRW conflicts have 0
RWW conflicts have 0
WWR conflicts have 2
=========================== Detail =============================
 raceRWRSet:
[
timerCount:(timerCount,Timer_A_isr, '787, 'R, Timer_A_isr, 1)
                               (timerCount,Timer_C_isr, '821, 'W, Timer_C_isr, 1)
                               (timerCount,Timer_A_isr, '790, 'R, Timer_A_isr, 1)
}, 
timerCount:(timerCount,Timer_A_isr, '787, 'R, Timer_A_isr, 1)
                               (timerCount,Timer_Force_isr, '842, 'W, Timer_Force_isr, 1)
                               (timerCount,Timer_A_isr, '790, 'R, Timer_A_isr, 1)
}]
 raceWRWSet:
[]
 raceRWWSet:
[]
 raceWWRSet:
[
timerCount:(timerCount,Timer_A_isr, '783, 'W, Timer_A_isr, 1)
                               (timerCount,Timer_C_isr, '821, 'W, Timer_C_isr, 1)
                               (timerCount,Timer_A_isr, '787, 'R, Timer_A_isr, 1)
}, 
timerCount:(timerCount,Timer_A_isr, '783, 'W, Timer_A_isr, 1)
                               (timerCount,Timer_Force_isr, '842, 'W, Timer_Force_isr, 1)
                               (timerCount,Timer_A_isr, '787, 'R, Timer_A_isr, 1)
}]
=========================== Predicates =============================
====================================================================
time for TransferRelation:    0.028s
Verification result: TRUE. No property violation found by chosen configuration.
More details about the verification run can be found in the directory "./output".
