Running CPAchecker with Java heap of size 32768M.
Running CPAchecker with default stack size (1024k). Specify a larger value with -stack if needed.
refinement: 1
========================== Verify Result ===========================
explored states: 1278
reached set size: 1279
total time: 426 ms
Race times:
 
=========================== Conflicts checked =============================
The total number of conflicts is 1
RWR conflicts have 0
WRW conflicts have 0
RWW conflicts have 0
WWR conflicts have 1
=========================== Detail =============================
 raceRWRSet:
[]
 raceWRWSet:
[]
 raceRWWSet:
[]
 raceWWRSet:
[
tco_write_buf:(tco_write_buf,closer1, '259, 'W, svp_simple_011_001_main, 1)
                               (tco_write_buf,closer2_isr, '281, 'W, closer2_isr, 1)
                               (tco_write_buf,closer1, '260, 'R, svp_simple_011_001_main, 1)
}]
=========================== Predicates =============================
====================================================================
time for TransferRelation:    0.046s
Verification result: TRUE. No property violation found by chosen configuration.
More details about the verification run can be found in the directory "./output".
