Running CPAchecker with Java heap of size 32768M.
Running CPAchecker with default stack size (1024k). Specify a larger value with -stack if needed.
refinement: 1
========================== Verify Result ===========================
explored states: 14853
reached set size: 14854
total time: 6166 ms
Race times:
 
=========================== Conflicts checked =============================
The total number of conflicts is 10
RWR conflicts have 4
WRW conflicts have 0
RWW conflicts have 2
WWR conflicts have 4
=========================== Detail =============================
 raceRWRSet:
[
tickCounter:(tickCounter,task_measure1_isr, '1357, 'R, task_measure1_isr, 1)
                               (tickCounter,task_measure2_isr, '1381, 'W, task_measure2_isr, 1)
                               (tickCounter,task_measure1_isr, '1357, 'R, task_measure1_isr, 1)
}, 
intervalCounter:(intervalCounter,task_measure1_isr, '1368, 'R, task_measure1_isr, 1)
                               (intervalCounter,task_communicate_isr, '1436, 'W, task_communicate_isr, 1)
                               (intervalCounter,task_measure1_isr, '1368, 'R, task_measure1_isr, 1)
}, 
numberOfRecords:(numberOfRecords,task_measure1_isr, '1371, 'R, task_measure1_isr, 1)
                               (numberOfRecords,task_communicate_isr, '1438, 'W, task_communicate_isr, 1)
                               (numberOfRecords,task_measure1_isr, '1371, 'R, task_measure1_isr, 1)
}, 
tickCounter:(tickCounter,task_measure1_isr, '1357, 'R, task_measure1_isr, 1)
                               (tickCounter,task_communicate_isr, '1437, 'W, task_communicate_isr, 1)
                               (tickCounter,task_measure1_isr, '1357, 'R, task_measure1_isr, 1)
}]
 raceWRWSet:
[]
 raceRWWSet:
[
tickCounter:(tickCounter,task_measure1_isr, '1358, 'R, task_measure1_isr, 1)
                               (tickCounter,task_measure2_isr, '1381, 'W, task_measure2_isr, 1)
                               (tickCounter,task_measure1_isr, '1362, 'W, task_measure1_isr, 1)
}, 
tickCounter:(tickCounter,task_measure1_isr, '1358, 'R, task_measure1_isr, 1)
                               (tickCounter,task_communicate_isr, '1437, 'W, task_communicate_isr, 1)
                               (tickCounter,task_measure1_isr, '1362, 'W, task_measure1_isr, 1)
}]
 raceWWRSet:
[
tickCounter:(tickCounter,task_measure1_isr, '1362, 'W, task_measure1_isr, 1)
                               (tickCounter,task_communicate_isr, '1437, 'W, task_communicate_isr, 1)
                               (tickCounter,task_measure1_isr, '1365, 'R, task_measure1_isr, 1)
}, 
tickCounter:(tickCounter,task_measure1_isr, '1362, 'W, task_measure1_isr, 1)
                               (tickCounter,task_measure2_isr, '1381, 'W, task_measure2_isr, 1)
                               (tickCounter,task_measure1_isr, '1365, 'R, task_measure1_isr, 1)
}, 
tickCounter:(tickCounter,task_measure1_isr, '1357, 'W, task_measure1_isr, 1)
                               (tickCounter,task_measure2_isr, '1381, 'W, task_measure2_isr, 1)
                               (tickCounter,task_measure1_isr, '1358, 'R, task_measure1_isr, 1)
}, 
tickCounter:(tickCounter,task_measure1_isr, '1357, 'W, task_measure1_isr, 1)
                               (tickCounter,task_communicate_isr, '1437, 'W, task_communicate_isr, 1)
                               (tickCounter,task_measure1_isr, '1358, 'R, task_measure1_isr, 1)
}]
=========================== Predicates =============================
====================================================================
time for TransferRelation:    0.172s
Verification result: TRUE. No property violation found by chosen configuration.
More details about the verification run can be found in the directory "./output".
