Running CPAchecker with Java heap of size 32768M.
Running CPAchecker with default stack size (1024k). Specify a larger value with -stack if needed.
refinement: 1
========================== Verify Result ===========================
explored states: 4803
reached set size: 4804
total time: 687 ms
Race times:
 
=========================== Conflicts checked =============================
The total number of conflicts is 7
RWR conflicts have 6
WRW conflicts have 0
RWW conflicts have 0
WWR conflicts have 1
=========================== Detail =============================
 raceRWRSet:
[
test:(test,task_compute_isr, '1956, 'R, task_compute_isr, 1)
                               (test,task_RR_Wheel_isr, '1998, 'W, task_RR_Wheel_isr, 1)
                               (test,task_compute_isr, '1960, 'R, task_compute_isr, 1)
}, 
test:(test,task_compute_isr, '1968, 'R, task_compute_isr, 1)
                               (test,task_RR_Wheel_isr, '1998, 'W, task_RR_Wheel_isr, 1)
                               (test,task_compute_isr, '1972, 'R, task_compute_isr, 1)
}, 
test:(test,task_compute_isr, '1972, 'R, task_compute_isr, 1)
                               (test,task_RR_Wheel_isr, '1998, 'W, task_RR_Wheel_isr, 1)
                               (test,task_compute_isr, '1972, 'R, task_compute_isr, 1)
}, 
test:(test,task_compute_isr, '1960, 'R, task_compute_isr, 1)
                               (test,task_RR_Wheel_isr, '1998, 'W, task_RR_Wheel_isr, 1)
                               (test,task_compute_isr, '1964, 'R, task_compute_isr, 1)
}, 
test:(test,task_compute_isr, '1952, 'R, task_compute_isr, 1)
                               (test,task_RR_Wheel_isr, '1998, 'W, task_RR_Wheel_isr, 1)
                               (test,task_compute_isr, '1956, 'R, task_compute_isr, 1)
}, 
test:(test,task_compute_isr, '1964, 'R, task_compute_isr, 1)
                               (test,task_RR_Wheel_isr, '1998, 'W, task_RR_Wheel_isr, 1)
                               (test,task_compute_isr, '1968, 'R, task_compute_isr, 1)
}]
 raceWRWSet:
[]
 raceRWWSet:
[]
 raceWWRSet:
[
test:(test,task_compute_isr, '1929, 'W, task_compute_isr, 1)
                               (test,task_RR_Wheel_isr, '1998, 'W, task_RR_Wheel_isr, 1)
                               (test,task_compute_isr, '1952, 'R, task_compute_isr, 1)
}]
=========================== Predicates =============================
====================================================================
time for TransferRelation:    0.098s
Verification result: TRUE. No property violation found by chosen configuration.
More details about the verification run can be found in the directory "./output".
