Running CPAchecker with Java heap of size 32768M.
Running CPAchecker with default stack size (1024k). Specify a larger value with -stack if needed.
refinement: 1
========================== Verify Result ===========================
explored states: 10564
reached set size: 10565
total time: 1837 ms
Race times:
 
=========================== Conflicts checked =============================
The total number of conflicts is 5
RWR conflicts have 3
WRW conflicts have 0
RWW conflicts have 1
WWR conflicts have 1
=========================== Detail =============================
 raceRWRSet:
[
numberOfRecords:(numberOfRecords,task_measure_isr, '1363, 'R, task_measure_isr, 1)
                               (numberOfRecords,task_communicate_isr, '1414, 'W, task_communicate_isr, 1)
                               (numberOfRecords,task_measure_isr, '1363, 'R, task_measure_isr, 1)
}, 
tickCounter:(tickCounter,task_measure_isr, '1354, 'R, task_measure_isr, 1)
                               (tickCounter,task_communicate_isr, '1413, 'W, task_communicate_isr, 1)
                               (tickCounter,task_measure_isr, '1354, 'R, task_measure_isr, 1)
}, 
intervalCounter:(intervalCounter,task_measure_isr, '1360, 'R, task_measure_isr, 1)
                               (intervalCounter,task_communicate_isr, '1412, 'W, task_communicate_isr, 1)
                               (intervalCounter,task_measure_isr, '1360, 'R, task_measure_isr, 1)
}]
 raceWRWSet:
[]
 raceRWWSet:
[
tickCounter:(tickCounter,task_measure_isr, '1355, 'R, task_measure_isr, 1)
                               (tickCounter,task_communicate_isr, '1413, 'W, task_communicate_isr, 1)
                               (tickCounter,task_measure_isr, '1359, 'W, task_measure_isr, 1)
}]
 raceWWRSet:
[
tickCounter:(tickCounter,task_measure_isr, '1354, 'W, task_measure_isr, 1)
                               (tickCounter,task_communicate_isr, '1413, 'W, task_communicate_isr, 1)
                               (tickCounter,task_measure_isr, '1355, 'R, task_measure_isr, 1)
}]
=========================== Predicates =============================
====================================================================
time for TransferRelation:    0.178s
Verification result: TRUE. No property violation found by chosen configuration.
More details about the verification run can be found in the directory "./output".
