Running CPAchecker with Java heap of size 32768M.
Running CPAchecker with default stack size (1024k). Specify a larger value with -stack if needed.
refinement: 1
========================== Verify Result ===========================
explored states: 20456
reached set size: 20457
total time: 2067 ms
Race times:
 
=========================== Conflicts checked =============================
The total number of conflicts is 6
RWR conflicts have 0
WRW conflicts have 0
RWW conflicts have 0
WWR conflicts have 6
=========================== Detail =============================
 raceRWRSet:
[]
 raceWRWSet:
[]
 raceRWWSet:
[]
 raceWWRSet:
[
count:(count,writer1, '399, 'W, svp_simple_021_001_main, 1)
                               (count,closer2_isr, '364, 'W, closer2_isr, 1)
                               (count,writer1, '402, 'R, svp_simple_021_001_main, 1)
}, 
count:(count,writer1, '399, 'W, svp_simple_021_001_main, 1)
                               (count,closer1_isr, '331, 'W, closer1_isr, 1)
                               (count,writer1, '402, 'R, svp_simple_021_001_main, 1)
}, 
wdtpci_write_buf:(wdtpci_write_buf,closer1_isr, '329, 'W, closer1_isr, 1)
                               (wdtpci_write_buf,closer2_isr, '362, 'W, closer2_isr, 1)
                               (wdtpci_write_buf,closer1_isr, '339, 'R, closer1_isr, 1)
}, 
count:(count,closer1_isr, '331, 'W, closer1_isr, 1)
                               (count,closer2_isr, '364, 'W, closer2_isr, 1)
                               (count,closer1_isr, '333, 'R, closer1_isr, 1)
}, 
count:(count,writer2, '421, 'W, svp_simple_021_001_main, 1)
                               (count,closer1_isr, '331, 'W, closer1_isr, 1)
                               (count,writer2, '424, 'R, svp_simple_021_001_main, 1)
}, 
count:(count,writer2, '421, 'W, svp_simple_021_001_main, 1)
                               (count,closer2_isr, '364, 'W, closer2_isr, 1)
                               (count,writer2, '424, 'R, svp_simple_021_001_main, 1)
}]
=========================== Predicates =============================
====================================================================
time for TransferRelation:    0.218s
Verification result: TRUE. No property violation found by chosen configuration.
More details about the verification run can be found in the directory "./output".
