Running CPAchecker with Java heap of size 32768M.
Running CPAchecker with default stack size (1024k). Specify a larger value with -stack if needed.
refinement: 1
========================== Verify Result ===========================
explored states: 1745
reached set size: 1746
total time: 556 ms
Race times:
 
=========================== Conflicts checked =============================
The total number of conflicts is 10
RWR conflicts have 5
WRW conflicts have 0
RWW conflicts have 0
WWR conflicts have 5
=========================== Detail =============================
 raceRWRSet:
[
timerCount:(timerCount,Timer_A_isr, '789, 'R, Timer_A_isr, 1)
                               (timerCount,Timer_Force_isr, '828, 'W, Timer_Force_isr, 1)
                               (timerCount,Timer_A_isr, '792, 'R, Timer_A_isr, 1)
}, 
timerCount:(timerCount,Timer_B_isr, '808, 'R, Timer_B_isr, 1)
                               (timerCount,Timer_Force_isr, '824, 'W, Timer_Force_isr, 1)
                               (timerCount,Timer_B_isr, '811, 'R, Timer_B_isr, 1)
}, 
timerCount:(timerCount,Timer_B_isr, '808, 'R, Timer_B_isr, 1)
                               (timerCount,Timer_Force_isr, '828, 'W, Timer_Force_isr, 1)
                               (timerCount,Timer_B_isr, '811, 'R, Timer_B_isr, 1)
}, 
timerCount:(timerCount,Timer_A_isr, '789, 'R, Timer_A_isr, 1)
                               (timerCount,Timer_Force_isr, '824, 'W, Timer_Force_isr, 1)
                               (timerCount,Timer_A_isr, '792, 'R, Timer_A_isr, 1)
}, 
timerCount:(timerCount,Timer_A_isr, '789, 'R, Timer_A_isr, 1)
                               (timerCount,Timer_B_isr, '804, 'W, Timer_B_isr, 1)
                               (timerCount,Timer_A_isr, '792, 'R, Timer_A_isr, 1)
}]
 raceWRWSet:
[]
 raceRWWSet:
[]
 raceWWRSet:
[
timerCount:(timerCount,Timer_B_isr, '804, 'W, Timer_B_isr, 1)
                               (timerCount,Timer_Force_isr, '828, 'W, Timer_Force_isr, 1)
                               (timerCount,Timer_B_isr, '808, 'R, Timer_B_isr, 1)
}, 
timerCount:(timerCount,Timer_B_isr, '804, 'W, Timer_B_isr, 1)
                               (timerCount,Timer_Force_isr, '824, 'W, Timer_Force_isr, 1)
                               (timerCount,Timer_B_isr, '808, 'R, Timer_B_isr, 1)
}, 
timerCount:(timerCount,Timer_A_isr, '784, 'W, Timer_A_isr, 1)
                               (timerCount,Timer_B_isr, '804, 'W, Timer_B_isr, 1)
                               (timerCount,Timer_A_isr, '789, 'R, Timer_A_isr, 1)
}, 
timerCount:(timerCount,Timer_A_isr, '784, 'W, Timer_A_isr, 1)
                               (timerCount,Timer_Force_isr, '824, 'W, Timer_Force_isr, 1)
                               (timerCount,Timer_A_isr, '789, 'R, Timer_A_isr, 1)
}, 
timerCount:(timerCount,Timer_A_isr, '784, 'W, Timer_A_isr, 1)
                               (timerCount,Timer_Force_isr, '828, 'W, Timer_Force_isr, 1)
                               (timerCount,Timer_A_isr, '789, 'R, Timer_A_isr, 1)
}]
=========================== Predicates =============================
====================================================================
time for TransferRelation:   0.064s
Verification result: TRUE. No property violation found by chosen configuration.
More details about the verification run can be found in the directory "./output".
