Running CPAchecker with Java heap of size 32768M.
Running CPAchecker with default stack size (1024k). Specify a larger value with -stack if needed.
refinement: 1
========================== Verify Result ===========================
explored states: 84815
reached set size: 84816
total time: 40967 ms
Race times:
 
=========================== Conflicts checked =============================
The total number of conflicts is 6
RWR conflicts have 0
WRW conflicts have 0
RWW conflicts have 0
WWR conflicts have 6
=========================== Detail =============================
 raceRWRSet:
[]
 raceWRWSet:
[]
 raceRWWSet:
[]
 raceWWRSet:
[
irq:(irq,req1, '764, 'W, svp_simple_008_001_main, 1)
                               (irq,req4_isr, '828, 'W, req4_isr, 1)
                               (irq,req1, '771, 'R, svp_simple_008_001_main, 1)
}, 
irq:(irq,req1, '764, 'W, svp_simple_008_001_main, 1)
                               (irq,req3_isr, '808, 'W, req3_isr, 1)
                               (irq,req1, '771, 'R, svp_simple_008_001_main, 1)
}, 
irq:(irq,req1, '764, 'W, svp_simple_008_001_main, 1)
                               (irq,req5_isr, '846, 'W, req5_isr, 1)
                               (irq,req1, '771, 'R, svp_simple_008_001_main, 1)
}, 
irq:(irq,req3_isr, '808, 'W, req3_isr, 1)
                               (irq,req4_isr, '828, 'W, req4_isr, 1)
                               (irq,req3_isr, '815, 'R, req3_isr, 1)
}, 
irq:(irq,req4_isr, '828, 'W, req4_isr, 1)
                               (irq,req5_isr, '846, 'W, req5_isr, 1)
                               (irq,req4_isr, '835, 'R, req4_isr, 1)
}, 
irq:(irq,req3_isr, '808, 'W, req3_isr, 1)
                               (irq,req5_isr, '846, 'W, req5_isr, 1)
                               (irq,req3_isr, '815, 'R, req3_isr, 1)
}]
=========================== Predicates =============================
====================================================================
time for TransferRelation:    0.428s
Verification result: TRUE. No property violation found by chosen configuration.
More details about the verification run can be found in the directory "./output".
