Running CPAchecker with Java heap of size 32768M.
Running CPAchecker with default stack size (1024k). Specify a larger value with -stack if needed.
refinement: 1
========================== Verify Result ===========================
explored states: 43357
reached set size: 43358
total time: 35711 ms
Race times:
 
=========================== Conflicts checked =============================
The total number of conflicts is 4
RWR conflicts have 0
WRW conflicts have 0
RWW conflicts have 0
WWR conflicts have 4
=========================== Detail =============================
 raceRWRSet:
[]
 raceWRWSet:
[]
 raceRWWSet:
[]
 raceWWRSet:
[
wdtpci_write_buf:(wdtpci_write_buf,closer1_isr, '1638, 'W, closer1_isr, 1)
                               (wdtpci_write_buf,closer2_isr, '1674, 'W, closer2_isr, 1)
                               (wdtpci_write_buf,closer1_isr, '1648, 'R, closer1_isr, 1)
}, 
count:(count,closer2_isr, '1676, 'W, closer2_isr, 1)
                               (count,writer3_isr, '1801, 'W, writer3_isr, 1)
                               (count,closer2_isr, '1678, 'R, closer2_isr, 1)
}, 
count:(count,closer1_isr, '1640, 'W, closer1_isr, 1)
                               (count,writer3_isr, '1801, 'W, writer3_isr, 1)
                               (count,closer1_isr, '1642, 'R, closer1_isr, 1)
}, 
count:(count,closer1_isr, '1640, 'W, closer1_isr, 1)
                               (count,closer2_isr, '1676, 'W, closer2_isr, 1)
                               (count,closer1_isr, '1642, 'R, closer1_isr, 1)
}]
=========================== Predicates =============================
====================================================================
time for TransferRelation:    0.294s
Verification result: TRUE. No property violation found by chosen configuration.
More details about the verification run can be found in the directory "./output".
